{"C:\\Users\\jonat\\Desktop\\API-Vagas\\src\\app\\features\\user\\repository.ts": {"path":"C:\\Users\\jonat\\Desktop\\API-Vagas\\src\\app\\features\\user\\repository.ts","statementMap":{"0":{"start":{"line":2,"column":0},"end":{"line":2,"column":49}},"1":{"start":{"line":3,"column":0},"end":{"line":3,"column":42}},"2":{"start":{"line":4,"column":0},"end":{"line":4,"column":72}},"3":{"start":{"line":7,"column":0},"end":{"line":7,"column":42}},"4":{"start":{"line":8,"column":0},"end":{"line":8,"column":74}},"5":{"start":{"line":9,"column":0},"end":{"line":9,"column":54}},"6":{"start":{"line":17,"column":2},"end":{"line":17,"column":53}},"7":{"start":{"line":25,"column":16},"end":{"line":27,"column":42}},"8":{"start":{"line":29,"column":2},"end":{"line":31,"column":null}},"9":{"start":{"line":30,"column":3},"end":{"line":30,"column":73}},"10":{"start":{"line":33,"column":2},"end":{"line":35,"column":null}},"11":{"start":{"line":34,"column":3},"end":{"line":34,"column":89}},"12":{"start":{"line":37,"column":2},"end":{"line":39,"column":null}},"13":{"start":{"line":38,"column":3},"end":{"line":38,"column":70}},"14":{"start":{"line":41,"column":2},"end":{"line":43,"column":null}},"15":{"start":{"line":42,"column":3},"end":{"line":42,"column":71}},"16":{"start":{"line":45,"column":2},"end":{"line":45,"column":35}},"17":{"start":{"line":46,"column":2},"end":{"line":46,"column":20}},"18":{"start":{"line":48,"column":21},"end":{"line":48,"column":62}},"19":{"start":{"line":49,"column":16},"end":{"line":49,"column":38}},"20":{"start":{"line":50,"column":16},"end":{"line":54,"column":4}},"21":{"start":{"line":51,"column":3},"end":{"line":53,"column":54}},"22":{"start":{"line":56,"column":2},"end":{"line":61,"column":4}},"23":{"start":{"line":109,"column":2},"end":{"line":109,"column":54}},"24":{"start":{"line":113,"column":2},"end":{"line":113,"column":53}},"25":{"start":{"line":117,"column":2},"end":{"line":117,"column":54}},"26":{"start":{"line":13,"column":0},"end":{"line":13,"column":13}}},"fnMap":{"0":{"name":"(anonymous_8)","decl":{"start":{"line":16,"column":1},"end":{"line":16,"column":null}},"loc":{"start":{"line":16,"column":1},"end":{"line":18,"column":2}}},"1":{"name":"(anonymous_9)","decl":{"start":{"line":20,"column":7},"end":{"line":20,"column":19}},"loc":{"start":{"line":20,"column":125},"end":{"line":62,"column":null}}},"2":{"name":"(anonymous_11)","decl":{"start":{"line":50,"column":44},"end":{"line":50,"column":48}},"loc":{"start":{"line":50,"column":51},"end":{"line":54,"column":3}}},"3":{"name":"(anonymous_12)","decl":{"start":{"line":108,"column":7},"end":{"line":108,"column":13}},"loc":{"start":{"line":108,"column":38},"end":{"line":110,"column":null}}},"4":{"name":"(anonymous_14)","decl":{"start":{"line":112,"column":7},"end":{"line":112,"column":17}},"loc":{"start":{"line":112,"column":30},"end":{"line":114,"column":null}}},"5":{"name":"(anonymous_16)","decl":{"start":{"line":116,"column":7},"end":{"line":116,"column":18}},"loc":{"start":{"line":116,"column":32},"end":{"line":118,"column":null}}}},"branchMap":{"0":{"loc":{"start":{"line":29,"column":2},"end":{"line":31,"column":null}},"type":"if","locations":[{"start":{"line":29,"column":2},"end":{"line":31,"column":null}}]},"1":{"loc":{"start":{"line":33,"column":2},"end":{"line":35,"column":null}},"type":"if","locations":[{"start":{"line":33,"column":2},"end":{"line":35,"column":null}}]},"2":{"loc":{"start":{"line":37,"column":2},"end":{"line":39,"column":null}},"type":"if","locations":[{"start":{"line":37,"column":2},"end":{"line":39,"column":null}}]},"3":{"loc":{"start":{"line":41,"column":2},"end":{"line":43,"column":null}},"type":"if","locations":[{"start":{"line":41,"column":2},"end":{"line":43,"column":null}}]},"4":{"loc":{"start":{"line":51,"column":10},"end":{"line":53,"column":53}},"type":"cond-expr","locations":[{"start":{"line":52,"column":6},"end":{"line":52,"column":43}},{"start":{"line":53,"column":6},"end":{"line":53,"column":53}}]}},"s":{"0":2,"1":2,"2":2,"3":2,"4":2,"5":2,"6":3,"7":0,"8":0,"9":0,"10":0,"11":0,"12":0,"13":0,"14":0,"15":0,"16":0,"17":0,"18":0,"19":0,"20":0,"21":0,"22":0,"23":2,"24":0,"25":0,"26":2},"f":{"0":3,"1":0,"2":0,"3":2,"4":0,"5":0},"b":{"0":[0],"1":[0],"2":[0],"3":[0],"4":[0,0]}}
,"C:\\Users\\jonat\\Desktop\\API-Vagas\\src\\app\\features\\user\\enums\\userTipo.ts": {"path":"C:\\Users\\jonat\\Desktop\\API-Vagas\\src\\app\\features\\user\\enums\\userTipo.ts","statementMap":{"0":{"start":{"line":1,"column":0},"end":{"line":1,"column":null}},"1":{"start":{"line":2,"column":1},"end":{"line":2,"column":null}},"2":{"start":{"line":3,"column":1},"end":{"line":3,"column":null}},"3":{"start":{"line":4,"column":1},"end":{"line":4,"column":null}}},"fnMap":{"0":{"name":"(anonymous_0)","decl":{"start":{"line":1,"column":0},"end":{"line":1,"column":12}},"loc":{"start":{"line":1,"column":20},"end":{"line":5,"column":1}}}},"branchMap":{"0":{"loc":{"start":{"line":1,"column":12},"end":{"line":1,"column":null}},"type":"binary-expr","locations":[{"start":{"line":1,"column":12},"end":{"line":1,"column":20}},{"start":{"line":1,"column":12},"end":{"line":1,"column":null}}]}},"s":{"0":2,"1":2,"2":2,"3":2},"f":{"0":2},"b":{"0":[2,2]}}
,"C:\\Users\\jonat\\Desktop\\API-Vagas\\src\\app\\features\\user\\usecases\\createUser\\createUserUsecase.ts": {"path":"C:\\Users\\jonat\\Desktop\\API-Vagas\\src\\app\\features\\user\\usecases\\createUser\\createUserUsecase.ts","statementMap":{"0":{"start":{"line":5,"column":0},"end":{"line":5,"column":78}},"1":{"start":{"line":7,"column":0},"end":{"line":7,"column":28}},"2":{"start":{"line":13,"column":21},"end":{"line":13,"column":47}},"3":{"start":{"line":16,"column":18},"end":{"line":16,"column":34}},"4":{"start":{"line":17,"column":2},"end":{"line":17,"column":35}},"5":{"start":{"line":18,"column":2},"end":{"line":18,"column":37}},"6":{"start":{"line":19,"column":2},"end":{"line":19,"column":60}},"7":{"start":{"line":20,"column":2},"end":{"line":22,"column":null}},"8":{"start":{"line":21,"column":3},"end":{"line":21,"column":50}},"9":{"start":{"line":23,"column":2},"end":{"line":23,"column":35}},"10":{"start":{"line":27,"column":20},"end":{"line":27,"column":57}},"11":{"start":{"line":29,"column":2},"end":{"line":31,"column":37}},"12":{"start":{"line":12,"column":0},"end":{"line":12,"column":13}}},"fnMap":{"0":{"name":"(anonymous_8)","decl":{"start":{"line":13,"column":1},"end":{"line":13,"column":21}},"loc":{"start":{"line":13,"column":47},"end":{"line":13,"column":51}}},"1":{"name":"(anonymous_9)","decl":{"start":{"line":15,"column":7},"end":{"line":15,"column":14}},"loc":{"start":{"line":15,"column":44},"end":{"line":36,"column":null}}}},"branchMap":{"0":{"loc":{"start":{"line":20,"column":2},"end":{"line":22,"column":null}},"type":"if","locations":[{"start":{"line":20,"column":2},"end":{"line":22,"column":null}}]},"1":{"loc":{"start":{"line":29,"column":9},"end":{"line":31,"column":36}},"type":"cond-expr","locations":[{"start":{"line":30,"column":5},"end":{"line":30,"column":26}},{"start":{"line":31,"column":5},"end":{"line":31,"column":36}}]}},"s":{"0":1,"1":1,"2":2,"3":2,"4":2,"5":2,"6":2,"7":2,"8":1,"9":2,"10":2,"11":2,"12":1},"f":{"0":2,"1":2},"b":{"0":[1],"1":[1,1]}}
,"C:\\Users\\jonat\\Desktop\\API-Vagas\\src\\app\\features\\user\\usecases\\getUsers\\RecrutadorUserDTO.ts": {"path":"C:\\Users\\jonat\\Desktop\\API-Vagas\\src\\app\\features\\user\\usecases\\getUsers\\RecrutadorUserDTO.ts","statementMap":{"0":{"start":{"line":2,"column":0},"end":{"line":2,"column":46}},"1":{"start":{"line":3,"column":0},"end":{"line":3,"column":36}},"2":{"start":{"line":7,"column":1},"end":{"line":7,"column":null}},"3":{"start":{"line":5,"column":0},"end":{"line":5,"column":13}}},"fnMap":{},"branchMap":{},"s":{"0":2,"1":2,"2":2,"3":2},"f":{},"b":{}}
,"C:\\Users\\jonat\\Desktop\\API-Vagas\\src\\app\\features\\user\\usecases\\getUsers\\UserDTO.ts": {"path":"C:\\Users\\jonat\\Desktop\\API-Vagas\\src\\app\\features\\user\\usecases\\getUsers\\UserDTO.ts","statementMap":{"0":{"start":{"line":2,"column":0},"end":{"line":2,"column":46}},"1":{"start":{"line":7,"column":1},"end":{"line":7,"column":null}},"2":{"start":{"line":10,"column":1},"end":{"line":10,"column":null}},"3":{"start":{"line":13,"column":1},"end":{"line":13,"column":null}},"4":{"start":{"line":16,"column":1},"end":{"line":16,"column":null}},"5":{"start":{"line":19,"column":1},"end":{"line":19,"column":null}},"6":{"start":{"line":5,"column":0},"end":{"line":5,"column":13}}},"fnMap":{},"branchMap":{},"s":{"0":2,"1":2,"2":2,"3":2,"4":2,"5":2,"6":2},"f":{},"b":{}}
,"C:\\Users\\jonat\\Desktop\\API-Vagas\\src\\app\\features\\user\\usecases\\getUsers\\getUsersUsecase.ts": {"path":"C:\\Users\\jonat\\Desktop\\API-Vagas\\src\\app\\features\\user\\usecases\\getUsers\\getUsersUsecase.ts","statementMap":{"0":{"start":{"line":6,"column":21},"end":{"line":6,"column":47}},"1":{"start":{"line":10,"column":2},"end":{"line":10,"column":69}},"2":{"start":{"line":5,"column":0},"end":{"line":5,"column":13}}},"fnMap":{"0":{"name":"(anonymous_7)","decl":{"start":{"line":6,"column":1},"end":{"line":6,"column":21}},"loc":{"start":{"line":6,"column":47},"end":{"line":7,"column":2}}},"1":{"name":"(anonymous_8)","decl":{"start":{"line":9,"column":7},"end":{"line":9,"column":14}},"loc":{"start":{"line":9,"column":120},"end":{"line":11,"column":null}}}},"branchMap":{},"s":{"0":1,"1":1,"2":1},"f":{"0":1,"1":1},"b":{}}
,"C:\\Users\\jonat\\Desktop\\API-Vagas\\src\\app\\helpers\\Page.ts": {"path":"C:\\Users\\jonat\\Desktop\\API-Vagas\\src\\app\\helpers\\Page.ts","statementMap":{"0":{"start":{"line":2,"column":20},"end":{"line":2,"column":32}},"1":{"start":{"line":3,"column":9},"end":{"line":3,"column":27}},"2":{"start":{"line":4,"column":9},"end":{"line":4,"column":22}},"3":{"start":{"line":5,"column":9},"end":{"line":5,"column":18}},"4":{"start":{"line":1,"column":0},"end":{"line":1,"column":13}}},"fnMap":{"0":{"name":"(anonymous_0)","decl":{"start":{"line":2,"column":1},"end":{"line":2,"column":20}},"loc":{"start":{"line":5,"column":18},"end":{"line":6,"column":5}}}},"branchMap":{},"s":{"0":1,"1":1,"2":1,"3":1,"4":2},"f":{"0":1},"b":{}}
,"C:\\Users\\jonat\\Desktop\\API-Vagas\\src\\app\\helpers\\mapper.ts": {"path":"C:\\Users\\jonat\\Desktop\\API-Vagas\\src\\app\\helpers\\mapper.ts","statementMap":{"0":{"start":{"line":1,"column":0},"end":{"line":1,"column":48}},"1":{"start":{"line":2,"column":0},"end":{"line":2,"column":46}},"2":{"start":{"line":4,"column":15},"end":{"line":6,"column":2}},"3":{"start":{"line":8,"column":0},"end":{"line":8,"column":22}}},"fnMap":{},"branchMap":{},"s":{"0":2,"1":2,"2":2,"3":2},"f":{},"b":{}}
,"C:\\Users\\jonat\\Desktop\\API-Vagas\\src\\app\\shared\\database\\entities\\base.entity.ts": {"path":"C:\\Users\\jonat\\Desktop\\API-Vagas\\src\\app\\shared\\database\\entities\\base.entity.ts","statementMap":{"0":{"start":{"line":3,"column":0},"end":{"line":3,"column":84}},"1":{"start":{"line":4,"column":0},"end":{"line":4,"column":34}},"2":{"start":{"line":5,"column":0},"end":{"line":5,"column":46}},"3":{"start":{"line":8,"column":0},"end":{"line":32,"column":null}},"4":{"start":{"line":23,"column":2},"end":{"line":23,"column":21}},"5":{"start":{"line":24,"column":2},"end":{"line":24,"column":29}},"6":{"start":{"line":25,"column":2},"end":{"line":25,"column":33}},"7":{"start":{"line":30,"column":2},"end":{"line":30,"column":33}},"8":{"start":{"line":11,"column":1},"end":{"line":11,"column":null}},"9":{"start":{"line":15,"column":1},"end":{"line":15,"column":null}},"10":{"start":{"line":19,"column":1},"end":{"line":19,"column":null}},"11":{"start":{"line":22,"column":1},"end":{"line":26,"column":null}},"12":{"start":{"line":29,"column":1},"end":{"line":31,"column":null}},"13":{"start":{"line":8,"column":22},"end":{"line":32,"column":null}},"14":{"start":{"line":8,"column":22},"end":{"line":8,"column":32}}},"fnMap":{"0":{"name":"(anonymous_2)","decl":{"start":{"line":22,"column":1},"end":{"line":22,"column":9}},"loc":{"start":{"line":22,"column":9},"end":{"line":26,"column":2}}},"1":{"name":"(anonymous_3)","decl":{"start":{"line":29,"column":1},"end":{"line":29,"column":13}},"loc":{"start":{"line":29,"column":13},"end":{"line":31,"column":2}}}},"branchMap":{},"s":{"0":2,"1":2,"2":2,"3":2,"4":2,"5":2,"6":2,"7":0,"8":2,"9":2,"10":2,"11":2,"12":2,"13":2,"14":2},"f":{"0":2,"1":0},"b":{}}
,"C:\\Users\\jonat\\Desktop\\API-Vagas\\src\\app\\shared\\database\\entities\\candidatura.entity.ts": {"path":"C:\\Users\\jonat\\Desktop\\API-Vagas\\src\\app\\shared\\database\\entities\\candidatura.entity.ts","statementMap":{"0":{"start":{"line":2,"column":0},"end":{"line":2,"column":64}},"1":{"start":{"line":3,"column":0},"end":{"line":3,"column":43}},"2":{"start":{"line":4,"column":0},"end":{"line":4,"column":43}},"3":{"start":{"line":5,"column":0},"end":{"line":5,"column":43}},"4":{"start":{"line":17,"column":0},"end":{"line":45,"column":null}},"5":{"start":{"line":36,"column":2},"end":{"line":43,"column":4}},"6":{"start":{"line":19,"column":1},"end":{"line":19,"column":null}},"7":{"start":{"line":22,"column":1},"end":{"line":22,"column":null}},"8":{"start":{"line":25,"column":1},"end":{"line":25,"column":null}},"9":{"start":{"line":29,"column":1},"end":{"line":29,"column":null}},"10":{"start":{"line":27,"column":18},"end":{"line":27,"column":28}},"11":{"start":{"line":33,"column":1},"end":{"line":33,"column":null}},"12":{"start":{"line":31,"column":18},"end":{"line":31,"column":28}},"13":{"start":{"line":31,"column":40},"end":{"line":31,"column":57}},"14":{"start":{"line":17,"column":13},"end":{"line":45,"column":null}},"15":{"start":{"line":17,"column":13},"end":{"line":17,"column":30}}},"fnMap":{"0":{"name":"(anonymous_2)","decl":{"start":{"line":35,"column":1},"end":{"line":35,"column":7}},"loc":{"start":{"line":35,"column":7},"end":{"line":44,"column":2}}},"1":{"name":"(anonymous_3)","decl":{"start":{"line":27,"column":12},"end":{"line":27,"column":15}},"loc":{"start":{"line":27,"column":18},"end":{"line":27,"column":28}}},"2":{"name":"(anonymous_4)","decl":{"start":{"line":31,"column":12},"end":{"line":31,"column":15}},"loc":{"start":{"line":31,"column":18},"end":{"line":31,"column":28}}},"3":{"name":"(anonymous_5)","decl":{"start":{"line":31,"column":30},"end":{"line":31,"column":31}},"loc":{"start":{"line":31,"column":40},"end":{"line":31,"column":57}}}},"branchMap":{},"s":{"0":2,"1":2,"2":2,"3":2,"4":2,"5":0,"6":2,"7":2,"8":2,"9":2,"10":1,"11":2,"12":1,"13":1,"14":2,"15":2},"f":{"0":0,"1":1,"2":1,"3":1},"b":{}}
,"C:\\Users\\jonat\\Desktop\\API-Vagas\\src\\app\\shared\\database\\entities\\user.entity.ts": {"path":"C:\\Users\\jonat\\Desktop\\API-Vagas\\src\\app\\shared\\database\\entities\\user.entity.ts","statementMap":{"0":{"start":{"line":3,"column":0},"end":{"line":3,"column":41}},"1":{"start":{"line":4,"column":0},"end":{"line":4,"column":43}},"2":{"start":{"line":5,"column":0},"end":{"line":5,"column":46}},"3":{"start":{"line":6,"column":0},"end":{"line":6,"column":75}},"4":{"start":{"line":7,"column":0},"end":{"line":7,"column":65}},"5":{"start":{"line":8,"column":0},"end":{"line":8,"column":95}},"6":{"start":{"line":11,"column":0},"end":{"line":57,"column":null}},"7":{"start":{"line":32,"column":12},"end":{"line":32,"column":25}},"8":{"start":{"line":33,"column":2},"end":{"line":33,"column":21}},"9":{"start":{"line":34,"column":2},"end":{"line":34,"column":23}},"10":{"start":{"line":35,"column":2},"end":{"line":35,"column":30}},"11":{"start":{"line":36,"column":2},"end":{"line":36,"column":34}},"12":{"start":{"line":37,"column":2},"end":{"line":41,"column":23}},"13":{"start":{"line":43,"column":2},"end":{"line":43,"column":11}},"14":{"start":{"line":47,"column":12},"end":{"line":47,"column":35}},"15":{"start":{"line":48,"column":2},"end":{"line":48,"column":21}},"16":{"start":{"line":49,"column":2},"end":{"line":49,"column":23}},"17":{"start":{"line":50,"column":2},"end":{"line":50,"column":30}},"18":{"start":{"line":51,"column":2},"end":{"line":51,"column":34}},"19":{"start":{"line":52,"column":2},"end":{"line":52,"column":31}},"20":{"start":{"line":53,"column":2},"end":{"line":53,"column":35}},"21":{"start":{"line":55,"column":2},"end":{"line":55,"column":11}},"22":{"start":{"line":14,"column":1},"end":{"line":14,"column":null}},"23":{"start":{"line":18,"column":1},"end":{"line":18,"column":null}},"24":{"start":{"line":22,"column":1},"end":{"line":22,"column":null}},"25":{"start":{"line":26,"column":1},"end":{"line":26,"column":null}},"26":{"start":{"line":29,"column":1},"end":{"line":29,"column":null}},"27":{"start":{"line":11,"column":13},"end":{"line":57,"column":null}},"28":{"start":{"line":11,"column":13},"end":{"line":11,"column":23}}},"fnMap":{"0":{"name":"(anonymous_2)","decl":{"start":{"line":31,"column":1},"end":{"line":31,"column":10}},"loc":{"start":{"line":31,"column":10},"end":{"line":44,"column":2}}},"1":{"name":"(anonymous_3)","decl":{"start":{"line":46,"column":1},"end":{"line":46,"column":20}},"loc":{"start":{"line":46,"column":20},"end":{"line":56,"column":2}}}},"branchMap":{"0":{"loc":{"start":{"line":37,"column":11},"end":{"line":41,"column":22}},"type":"cond-expr","locations":[{"start":{"line":38,"column":4},"end":{"line":38,"column":18}},{"start":{"line":39,"column":4},"end":{"line":41,"column":22}}]},"1":{"loc":{"start":{"line":39,"column":4},"end":{"line":41,"column":22}},"type":"cond-expr","locations":[{"start":{"line":40,"column":4},"end":{"line":40,"column":23}},{"start":{"line":41,"column":4},"end":{"line":41,"column":22}}]}},"s":{"0":2,"1":2,"2":2,"3":2,"4":2,"5":2,"6":2,"7":1,"8":1,"9":1,"10":1,"11":1,"12":1,"13":1,"14":1,"15":1,"16":1,"17":1,"18":1,"19":1,"20":1,"21":1,"22":2,"23":2,"24":2,"25":2,"26":2,"27":2,"28":2},"f":{"0":1,"1":1},"b":{"0":[1,0],"1":[0,0]}}
,"C:\\Users\\jonat\\Desktop\\API-Vagas\\src\\app\\shared\\database\\entities\\vaga.entity.ts": {"path":"C:\\Users\\jonat\\Desktop\\API-Vagas\\src\\app\\shared\\database\\entities\\vaga.entity.ts","statementMap":{"0":{"start":{"line":3,"column":0},"end":{"line":3,"column":86}},"1":{"start":{"line":5,"column":0},"end":{"line":5,"column":43}},"2":{"start":{"line":6,"column":0},"end":{"line":6,"column":46}},"3":{"start":{"line":8,"column":0},"end":{"line":8,"column":57}},"4":{"start":{"line":11,"column":0},"end":{"line":58,"column":null}},"5":{"start":{"line":34,"column":1},"end":{"line":34,"column":23}},"6":{"start":{"line":42,"column":2},"end":{"line":52,"column":4}},"7":{"start":{"line":14,"column":1},"end":{"line":14,"column":null}},"8":{"start":{"line":18,"column":1},"end":{"line":18,"column":null}},"9":{"start":{"line":22,"column":1},"end":{"line":22,"column":null}},"10":{"start":{"line":26,"column":1},"end":{"line":26,"column":null}},"11":{"start":{"line":30,"column":1},"end":{"line":30,"column":null}},"12":{"start":{"line":34,"column":1},"end":{"line":34,"column":null}},"13":{"start":{"line":37,"column":1},"end":{"line":37,"column":null}},"14":{"start":{"line":36,"column":18},"end":{"line":36,"column":35}},"15":{"start":{"line":36,"column":54},"end":{"line":36,"column":70}},"16":{"start":{"line":11,"column":13},"end":{"line":58,"column":null}},"17":{"start":{"line":11,"column":13},"end":{"line":11,"column":23}}},"fnMap":{"0":{"name":"(anonymous_2)","decl":{"start":{"line":11,"column":0},"end":{"line":11,"column":13}},"loc":{"start":{"line":11,"column":0},"end":{"line":58,"column":1}}},"1":{"name":"(anonymous_3)","decl":{"start":{"line":41,"column":8},"end":{"line":41,"column":14}},"loc":{"start":{"line":41,"column":14},"end":{"line":53,"column":2}}},"2":{"name":"(anonymous_4)","decl":{"start":{"line":36,"column":12},"end":{"line":36,"column":15}},"loc":{"start":{"line":36,"column":18},"end":{"line":36,"column":35}}},"3":{"name":"(anonymous_5)","decl":{"start":{"line":36,"column":37},"end":{"line":36,"column":38}},"loc":{"start":{"line":36,"column":54},"end":{"line":36,"column":70}}}},"branchMap":{},"s":{"0":2,"1":2,"2":2,"3":2,"4":2,"5":1,"6":0,"7":2,"8":2,"9":2,"10":2,"11":2,"12":2,"13":2,"14":1,"15":1,"16":2,"17":2},"f":{"0":1,"1":0,"2":1,"3":1},"b":{}}
,"C:\\Users\\jonat\\Desktop\\API-Vagas\\src\\app\\shared\\database\\migrations\\1684975171579-CreateUsersTable.ts": {"path":"C:\\Users\\jonat\\Desktop\\API-Vagas\\src\\app\\shared\\database\\migrations\\1684975171579-CreateUsersTable.ts","statementMap":{"0":{"start":{"line":1,"column":0},"end":{"line":1,"column":78}},"1":{"start":{"line":6,"column":2},"end":{"line":20,"column":4}},"2":{"start":{"line":24,"column":2},"end":{"line":24,"column":39}},"3":{"start":{"line":3,"column":0},"end":{"line":3,"column":13}}},"fnMap":{"0":{"name":"(anonymous_7)","decl":{"start":{"line":5,"column":14},"end":{"line":5,"column":16}},"loc":{"start":{"line":5,"column":41},"end":{"line":21,"column":null}}},"1":{"name":"(anonymous_9)","decl":{"start":{"line":23,"column":14},"end":{"line":23,"column":18}},"loc":{"start":{"line":23,"column":43},"end":{"line":25,"column":null}}}},"branchMap":{},"s":{"0":2,"1":0,"2":0,"3":2},"f":{"0":0,"1":0},"b":{}}
,"C:\\Users\\jonat\\Desktop\\API-Vagas\\src\\app\\shared\\database\\migrations\\1685571391859-CreateVagasTable.ts": {"path":"C:\\Users\\jonat\\Desktop\\API-Vagas\\src\\app\\shared\\database\\migrations\\1685571391859-CreateVagasTable.ts","statementMap":{"0":{"start":{"line":1,"column":0},"end":{"line":1,"column":78}},"1":{"start":{"line":6,"column":2},"end":{"line":28,"column":4}},"2":{"start":{"line":32,"column":2},"end":{"line":32,"column":39}},"3":{"start":{"line":3,"column":0},"end":{"line":3,"column":13}}},"fnMap":{"0":{"name":"(anonymous_7)","decl":{"start":{"line":5,"column":14},"end":{"line":5,"column":16}},"loc":{"start":{"line":5,"column":41},"end":{"line":29,"column":null}}},"1":{"name":"(anonymous_9)","decl":{"start":{"line":31,"column":14},"end":{"line":31,"column":18}},"loc":{"start":{"line":31,"column":43},"end":{"line":33,"column":null}}}},"branchMap":{},"s":{"0":2,"1":0,"2":0,"3":2},"f":{"0":0,"1":0},"b":{}}
,"C:\\Users\\jonat\\Desktop\\API-Vagas\\src\\app\\shared\\database\\migrations\\1685993203025-CreateCandidaturasTable.ts": {"path":"C:\\Users\\jonat\\Desktop\\API-Vagas\\src\\app\\shared\\database\\migrations\\1685993203025-CreateCandidaturasTable.ts","statementMap":{"0":{"start":{"line":1,"column":0},"end":{"line":1,"column":78}},"1":{"start":{"line":6,"column":2},"end":{"line":33,"column":4}},"2":{"start":{"line":37,"column":2},"end":{"line":37,"column":46}},"3":{"start":{"line":3,"column":0},"end":{"line":3,"column":13}}},"fnMap":{"0":{"name":"(anonymous_7)","decl":{"start":{"line":5,"column":14},"end":{"line":5,"column":16}},"loc":{"start":{"line":5,"column":41},"end":{"line":34,"column":null}}},"1":{"name":"(anonymous_9)","decl":{"start":{"line":36,"column":14},"end":{"line":36,"column":18}},"loc":{"start":{"line":36,"column":43},"end":{"line":38,"column":null}}}},"branchMap":{},"s":{"0":2,"1":0,"2":0,"3":2},"f":{"0":0,"1":0},"b":{}}
}
