TN:
SF:src\app\features\user\repository.ts
FN:16,(anonymous_8)
FN:20,(anonymous_9)
FN:50,(anonymous_11)
FN:108,(anonymous_12)
FN:112,(anonymous_14)
FN:116,(anonymous_16)
FNF:6
FNH:2
FNDA:3,(anonymous_8)
FNDA:0,(anonymous_9)
FNDA:0,(anonymous_11)
FNDA:2,(anonymous_12)
FNDA:0,(anonymous_14)
FNDA:0,(anonymous_16)
DA:2,2
DA:3,2
DA:4,2
DA:7,2
DA:8,2
DA:9,2
DA:13,2
DA:17,3
DA:25,0
DA:29,0
DA:30,0
DA:33,0
DA:34,0
DA:37,0
DA:38,0
DA:41,0
DA:42,0
DA:45,0
DA:46,0
DA:48,0
DA:49,0
DA:50,0
DA:51,0
DA:56,0
DA:109,2
DA:113,0
DA:117,0
LF:27
LH:9
BRDA:29,0,0,0
BRDA:33,1,0,0
BRDA:37,2,0,0
BRDA:41,3,0,0
BRDA:51,4,0,0
BRDA:51,4,1,0
BRF:6
BRH:0
end_of_record
TN:
SF:src\app\features\user\enums\userTipo.ts
FN:1,(anonymous_0)
FNF:1
FNH:1
FNDA:2,(anonymous_0)
DA:1,2
DA:2,2
DA:3,2
DA:4,2
LF:4
LH:4
BRDA:1,0,0,2
BRDA:1,0,1,2
BRF:2
BRH:2
end_of_record
TN:
SF:src\app\features\user\usecases\createUser\createUserUsecase.ts
FN:13,(anonymous_8)
FN:15,(anonymous_9)
FNF:2
FNH:2
FNDA:2,(anonymous_8)
FNDA:2,(anonymous_9)
DA:5,1
DA:7,1
DA:12,1
DA:13,2
DA:16,2
DA:17,2
DA:18,2
DA:19,2
DA:20,2
DA:21,1
DA:23,2
DA:27,2
DA:29,2
LF:13
LH:13
BRDA:20,0,0,1
BRDA:29,1,0,1
BRDA:29,1,1,1
BRF:3
BRH:3
end_of_record
TN:
SF:src\app\features\user\usecases\getUsers\RecrutadorUserDTO.ts
FNF:0
FNH:0
DA:2,2
DA:3,2
DA:5,2
DA:7,2
LF:4
LH:4
BRF:0
BRH:0
end_of_record
TN:
SF:src\app\features\user\usecases\getUsers\UserDTO.ts
FNF:0
FNH:0
DA:2,2
DA:5,2
DA:7,2
DA:10,2
DA:13,2
DA:16,2
DA:19,2
LF:7
LH:7
BRF:0
BRH:0
end_of_record
TN:
SF:src\app\features\user\usecases\getUsers\getUsersUsecase.ts
FN:6,(anonymous_7)
FN:9,(anonymous_8)
FNF:2
FNH:2
FNDA:1,(anonymous_7)
FNDA:1,(anonymous_8)
DA:5,1
DA:6,1
DA:10,1
LF:3
LH:3
BRF:0
BRH:0
end_of_record
TN:
SF:src\app\helpers\Page.ts
FN:2,(anonymous_0)
FNF:1
FNH:1
FNDA:1,(anonymous_0)
DA:1,2
DA:2,1
DA:3,1
DA:4,1
DA:5,1
LF:5
LH:5
BRF:0
BRH:0
end_of_record
TN:
SF:src\app\helpers\mapper.ts
FNF:0
FNH:0
DA:1,2
DA:2,2
DA:4,2
DA:8,2
LF:4
LH:4
BRF:0
BRH:0
end_of_record
TN:
SF:src\app\shared\database\entities\base.entity.ts
FN:22,(anonymous_2)
FN:29,(anonymous_3)
FNF:2
FNH:1
FNDA:2,(anonymous_2)
FNDA:0,(anonymous_3)
DA:3,2
DA:4,2
DA:5,2
DA:8,2
DA:11,2
DA:15,2
DA:19,2
DA:22,2
DA:23,2
DA:24,2
DA:25,2
DA:29,2
DA:30,0
LF:13
LH:12
BRF:0
BRH:0
end_of_record
TN:
SF:src\app\shared\database\entities\candidatura.entity.ts
FN:35,(anonymous_2)
FN:27,(anonymous_3)
FN:31,(anonymous_4)
FN:31,(anonymous_5)
FNF:4
FNH:3
FNDA:0,(anonymous_2)
FNDA:1,(anonymous_3)
FNDA:1,(anonymous_4)
FNDA:1,(anonymous_5)
DA:2,2
DA:3,2
DA:4,2
DA:5,2
DA:17,2
DA:19,2
DA:22,2
DA:25,2
DA:27,1
DA:29,2
DA:31,1
DA:33,2
DA:36,0
LF:13
LH:12
BRF:0
BRH:0
end_of_record
TN:
SF:src\app\shared\database\entities\user.entity.ts
FN:31,(anonymous_2)
FN:46,(anonymous_3)
FNF:2
FNH:2
FNDA:1,(anonymous_2)
FNDA:1,(anonymous_3)
DA:3,2
DA:4,2
DA:5,2
DA:6,2
DA:7,2
DA:8,2
DA:11,2
DA:14,2
DA:18,2
DA:22,2
DA:26,2
DA:29,2
DA:32,1
DA:33,1
DA:34,1
DA:35,1
DA:36,1
DA:37,1
DA:43,1
DA:47,1
DA:48,1
DA:49,1
DA:50,1
DA:51,1
DA:52,1
DA:53,1
DA:55,1
LF:27
LH:27
BRDA:37,0,0,1
BRDA:37,0,1,0
BRDA:39,1,0,0
BRDA:39,1,1,0
BRF:4
BRH:1
end_of_record
TN:
SF:src\app\shared\database\entities\vaga.entity.ts
FN:11,(anonymous_2)
FN:41,(anonymous_3)
FN:36,(anonymous_4)
FN:36,(anonymous_5)
FNF:4
FNH:3
FNDA:1,(anonymous_2)
FNDA:0,(anonymous_3)
FNDA:1,(anonymous_4)
FNDA:1,(anonymous_5)
DA:3,2
DA:5,2
DA:6,2
DA:8,2
DA:11,2
DA:14,2
DA:18,2
DA:22,2
DA:26,2
DA:30,2
DA:34,2
DA:36,1
DA:37,2
DA:42,0
LF:14
LH:13
BRF:0
BRH:0
end_of_record
TN:
SF:src\app\shared\database\migrations\1684975171579-CreateUsersTable.ts
FN:5,(anonymous_7)
FN:23,(anonymous_9)
FNF:2
FNH:0
FNDA:0,(anonymous_7)
FNDA:0,(anonymous_9)
DA:1,2
DA:3,2
DA:6,0
DA:24,0
LF:4
LH:2
BRF:0
BRH:0
end_of_record
TN:
SF:src\app\shared\database\migrations\1685571391859-CreateVagasTable.ts
FN:5,(anonymous_7)
FN:31,(anonymous_9)
FNF:2
FNH:0
FNDA:0,(anonymous_7)
FNDA:0,(anonymous_9)
DA:1,2
DA:3,2
DA:6,0
DA:32,0
LF:4
LH:2
BRF:0
BRH:0
end_of_record
TN:
SF:src\app\shared\database\migrations\1685993203025-CreateCandidaturasTable.ts
FN:5,(anonymous_7)
FN:36,(anonymous_9)
FNF:2
FNH:0
FNDA:0,(anonymous_7)
FNDA:0,(anonymous_9)
DA:1,2
DA:3,2
DA:6,0
DA:37,0
LF:4
LH:2
BRF:0
BRH:0
end_of_record
